<project name="target.test.flex">
  
  <property file="${buildsupport.dir}/base/base-build.properties"/>
  <import file="${buildsupport.dir}/base/base-macros.xml"/>

  <target name="test-flex">
    <build-run-flexunit />
  </target>
  
</project>