<project name="target.test.flex">

  <target name="test-flex">
    <build-run-flexunit />
  </target>
  
</project>